Using pre-set license
Built from '2020.3/release' branch; Version is '2020.3.2f1 (8fd9074bf66c) revision 9427207'; Using compiler version '192528614'; Build Type 'Release'
OS: 'Windows 10 Home; OS build 19041.985; Version 2004; 64bit' Language: 'en' Physical Memory: 8037 MB
BatchMode: 1, IsHumanControllingUs: 0, StartBugReporterOnCrash: 0, Is64bit: 1, IsPro: 0

 COMMAND LINE ARGUMENTS:
C:\Program Files\Unity\Hub\Editor\2020.3.2f1\Editor\Unity.exe
-adb2
-batchMode
-noUpm
-name
AssetImportWorker0
-projectPath
C:/Users/ecwin/OneDrive/Desktop/Hololens Demo
-logFile
Logs/AssetImportWorker0.log
-srvPort
59316
Successfully changed project path to: C:/Users/ecwin/OneDrive/Desktop/Hololens Demo
C:/Users/ecwin/OneDrive/Desktop/Hololens Demo
Using Asset Import Pipeline V2.
Refreshing native plugins compatible for Editor in 248.93 ms, found 13 plugins.
Preloading 1 native plugins for Editor in 3.67 ms.
Initialize engine version: 2020.3.2f1 (8fd9074bf66c)
[Subsystems] Discovering subsystems at path C:/Program Files/Unity/Hub/Editor/2020.3.2f1/Editor/Data/Resources/UnitySubsystems
[Subsystems] Discovering subsystems at path C:/Users/ecwin/OneDrive/Desktop/Hololens Demo/Assets
GfxDevice: creating device client; threaded=0
Direct3D:
    Version:  Direct3D 11.0 [level 11.1]
    Renderer: Intel(R) UHD Graphics 620 (ID=0x3ea0)
    Vendor:   
    VRAM:     4018 MB
    Driver:   25.20.100.6578
Initialize mono
Mono path[0] = 'C:/Program Files/Unity/Hub/Editor/2020.3.2f1/Editor/Data/Managed'
Mono path[1] = 'C:/Program Files/Unity/Hub/Editor/2020.3.2f1/Editor/Data/MonoBleedingEdge/lib/mono/unityjit'
Mono config path = 'C:/Program Files/Unity/Hub/Editor/2020.3.2f1/Editor/Data/MonoBleedingEdge/etc'
Using monoOptions --debugger-agent=transport=dt_socket,embedding=1,server=y,suspend=n,address=127.0.0.1:56932
Begin MonoManager ReloadAssembly
Registering precompiled unity dll's ...
Register platform support module: C:/Program Files/Unity/Hub/Editor/2020.3.2f1/Editor/Data/PlaybackEngines/WindowsStandaloneSupport/UnityEditor.WindowsStandalone.Extensions.dll
Registered in 0.003013 seconds.
Native extension for WindowsStandalone target not found
Refreshing native plugins compatible for Editor in 67.34 ms, found 13 plugins.
Preloading 1 native plugins for Editor in 0.13 ms.
Invoked RoslynAnalysisRunner static constructor.
RoslynAnalysisRunner will not be running.
RoslynAnalysisRunner has terminated.
Mono: successfully reloaded assembly
- Completed reload, in  3.852 seconds
Platform modules already initialized, skipping
Registering precompiled user dll's ...
Registered in 0.013366 seconds.
Begin MonoManager ReloadAssembly
Scripted importers Microsoft.MixedReality.Toolkit.Utilities.Gltf.Serialization.Editor.GlbAssetImporter and Siccity.GLTFUtility.GLBImporter are targeting the glb extension, rejecting both.
UnityEngine.StackTraceUtility:ExtractStackTrace ()
UnityEngine.DebugLogHandler:LogFormat (UnityEngine.LogType,UnityEngine.Object,string,object[])
UnityEngine.Logger:Log (UnityEngine.LogType,object)
UnityEngine.Debug:LogError (object)
UnityEditor.AssetImporters.ScriptedImporter:RegisterScriptedImporters ()

Scripted importers Microsoft.MixedReality.Toolkit.Utilities.Gltf.Serialization.Editor.GltfAssetImporter and Siccity.GLTFUtility.GLTFImporter are targeting the gltf extension, rejecting both.
UnityEngine.StackTraceUtility:ExtractStackTrace ()
UnityEngine.DebugLogHandler:LogFormat (UnityEngine.LogType,UnityEngine.Object,string,object[])
UnityEngine.Logger:Log (UnityEngine.LogType,object)
UnityEngine.Debug:LogError (object)
UnityEditor.AssetImporters.ScriptedImporter:RegisterScriptedImporters ()

Native extension for WindowsStandalone target not found
Refreshing native plugins compatible for Editor in 78.24 ms, found 13 plugins.
Preloading 1 native plugins for Editor in 0.12 ms.
Invoked RoslynAnalysisRunner static constructor.
RoslynAnalysisRunner will not be running.
RoslynAnalysisRunner has terminated.
Mono: successfully reloaded assembly
- Completed reload, in  2.598 seconds
Platform modules already initialized, skipping
========================================================================
Worker process is ready to serve import requests
Launched and connected shader compiler UnityShaderCompiler.exe after 0.07 seconds
Refreshing native plugins compatible for Editor in 1.39 ms, found 13 plugins.
Preloading 1 native plugins for Editor in 0.15 ms.
Unloading 3473 Unused Serialized files (Serialized files now loaded: 0)
System memory in use before: 174.2 MB.
System memory in use after: 172.3 MB.

Unloading 2199 unused Assets to reduce memory usage. Loaded Objects now: 3568.
Total: 32.116100 ms (FindLiveObjects: 3.179100 ms CreateObjectMapping: 2.257100 ms MarkObjects: 7.330600 ms  DeleteObjects: 19.337900 ms)

========================================================================
Received Prepare
Registering precompiled user dll's ...
Registered in 0.020109 seconds.
Begin MonoManager ReloadAssembly
Scripted importers Microsoft.MixedReality.Toolkit.Utilities.Gltf.Serialization.Editor.GlbAssetImporter and Siccity.GLTFUtility.GLBImporter are targeting the glb extension, rejecting both.
UnityEngine.StackTraceUtility:ExtractStackTrace ()
UnityEngine.DebugLogHandler:LogFormat (UnityEngine.LogType,UnityEngine.Object,string,object[])
UnityEngine.Logger:Log (UnityEngine.LogType,object)
UnityEngine.Debug:LogError (object)
UnityEditor.AssetImporters.ScriptedImporter:RegisterScriptedImporters ()

Scripted importers Microsoft.MixedReality.Toolkit.Utilities.Gltf.Serialization.Editor.GltfAssetImporter and Siccity.GLTFUtility.GLTFImporter are targeting the gltf extension, rejecting both.
UnityEngine.StackTraceUtility:ExtractStackTrace ()
UnityEngine.DebugLogHandler:LogFormat (UnityEngine.LogType,UnityEngine.Object,string,object[])
UnityEngine.Logger:Log (UnityEngine.LogType,object)
UnityEngine.Debug:LogError (object)
UnityEditor.AssetImporters.ScriptedImporter:RegisterScriptedImporters ()

Native extension for WindowsStandalone target not found
Refreshing native plugins compatible for Editor in 1.05 ms, found 13 plugins.
Preloading 1 native plugins for Editor in 0.12 ms.
Invoked RoslynAnalysisRunner static constructor.
RoslynAnalysisRunner will not be running.
RoslynAnalysisRunner has terminated.
Mono: successfully reloaded assembly
- Completed reload, in  2.287 seconds
Platform modules already initialized, skipping
Switching build target platform(5) subTarget(0) extendedPlatform(0) -> platform(21) subTarget(0) extendedPlatform(0)
Refreshing native plugins compatible for Editor in 1.08 ms, found 13 plugins.
Preloading 1 native plugins for Editor in 0.13 ms.
Unloading 3435 Unused Serialized files (Serialized files now loaded: 0)
System memory in use before: 174.1 MB.
System memory in use after: 172.2 MB.

Unloading 2431 unused Assets to reduce memory usage. Loaded Objects now: 3572.
Total: 9.824400 ms (FindLiveObjects: 0.795600 ms CreateObjectMapping: 0.462000 ms MarkObjects: 2.578300 ms  DeleteObjects: 5.986800 ms)

========================================================================
Received Import Request.
  path: Assets/AvatarHoloShader.shader
  artifactKey: Guid(d87b81d7d8f9aaf4e9f3a781f2ab22fa) Importer(815301076,1909f56bfc062723c751e8b465ee728b)
Start importing Assets/AvatarHoloShader.shader using Guid(d87b81d7d8f9aaf4e9f3a781f2ab22fa) Importer(815301076,1909f56bfc062723c751e8b465ee728b)  -> (artifact id: 'c6b4df8f2748022b5703faab2b101f12') in 0.183544 seconds
  Import took 0.197330 seconds .

========================================================================
Received Import Request.
  Time since last request: 156.212243 seconds.
  path: Assets/AvatarHoloShader.shader
  artifactKey: Guid(d87b81d7d8f9aaf4e9f3a781f2ab22fa) Importer(815301076,1909f56bfc062723c751e8b465ee728b)
Start importing Assets/AvatarHoloShader.shader using Guid(d87b81d7d8f9aaf4e9f3a781f2ab22fa) Importer(815301076,1909f56bfc062723c751e8b465ee728b)  -> (artifact id: '45e9c42d8e083f0605b296f59e150c61') in 0.007668 seconds
  Import took 0.021613 seconds .

========================================================================
Received Import Request.
  Time since last request: 0.002322 seconds.
  path: Assets/AvatarHoloShader.shader
  artifactKey: Guid(d87b81d7d8f9aaf4e9f3a781f2ab22fa) Importer(815301076,1909f56bfc062723c751e8b465ee728b)
Start importing Assets/AvatarHoloShader.shader using Guid(d87b81d7d8f9aaf4e9f3a781f2ab22fa) Importer(815301076,1909f56bfc062723c751e8b465ee728b)  -> (artifact id: '45e9c42d8e083f0605b296f59e150c61') in 0.005171 seconds
  Import took 0.014393 seconds .

========================================================================
Received Prepare
Registering precompiled user dll's ...
Registered in 0.021225 seconds.
Begin MonoManager ReloadAssembly
Scripted importers Microsoft.MixedReality.Toolkit.Utilities.Gltf.Serialization.Editor.GlbAssetImporter and Siccity.GLTFUtility.GLBImporter are targeting the glb extension, rejecting both.
UnityEngine.StackTraceUtility:ExtractStackTrace ()
UnityEngine.DebugLogHandler:LogFormat (UnityEngine.LogType,UnityEngine.Object,string,object[])
UnityEngine.Logger:Log (UnityEngine.LogType,object)
UnityEngine.Debug:LogError (object)
UnityEditor.AssetImporters.ScriptedImporter:RegisterScriptedImporters ()

Scripted importers Microsoft.MixedReality.Toolkit.Utilities.Gltf.Serialization.Editor.GltfAssetImporter and Siccity.GLTFUtility.GLTFImporter are targeting the gltf extension, rejecting both.
UnityEngine.StackTraceUtility:ExtractStackTrace ()
UnityEngine.DebugLogHandler:LogFormat (UnityEngine.LogType,UnityEngine.Object,string,object[])
UnityEngine.Logger:Log (UnityEngine.LogType,object)
UnityEngine.Debug:LogError (object)
UnityEditor.AssetImporters.ScriptedImporter:RegisterScriptedImporters ()

Native extension for WindowsStandalone target not found
Refreshing native plugins compatible for Editor in 1.99 ms, found 13 plugins.
Preloading 1 native plugins for Editor in 0.25 ms.
Invoked RoslynAnalysisRunner static constructor.
RoslynAnalysisRunner will not be running.
RoslynAnalysisRunner has terminated.
Mono: successfully reloaded assembly
- Completed reload, in  5.337 seconds
Platform modules already initialized, skipping
Switching build target platform(5) subTarget(0) extendedPlatform(0) -> platform(21) subTarget(0) extendedPlatform(0)
Refreshing native plugins compatible for Editor in 2.80 ms, found 13 plugins.
Preloading 1 native plugins for Editor in 0.43 ms.
Unloading 3436 Unused Serialized files (Serialized files now loaded: 0)
System memory in use before: 174.6 MB.
System memory in use after: 172.5 MB.

Unloading 2432 unused Assets to reduce memory usage. Loaded Objects now: 3576.
Total: 23.681400 ms (FindLiveObjects: 1.040500 ms CreateObjectMapping: 1.169900 ms MarkObjects: 5.576100 ms  DeleteObjects: 15.889000 ms)

========================================================================
Received Prepare
Registering precompiled user dll's ...
Registered in 0.018379 seconds.
Begin MonoManager ReloadAssembly
Scripted importers Microsoft.MixedReality.Toolkit.Utilities.Gltf.Serialization.Editor.GlbAssetImporter and Siccity.GLTFUtility.GLBImporter are targeting the glb extension, rejecting both.
UnityEngine.StackTraceUtility:ExtractStackTrace ()
UnityEngine.DebugLogHandler:LogFormat (UnityEngine.LogType,UnityEngine.Object,string,object[])
UnityEngine.Logger:Log (UnityEngine.LogType,object)
UnityEngine.Debug:LogError (object)
UnityEditor.AssetImporters.ScriptedImporter:RegisterScriptedImporters ()

Scripted importers Microsoft.MixedReality.Toolkit.Utilities.Gltf.Serialization.Editor.GltfAssetImporter and Siccity.GLTFUtility.GLTFImporter are targeting the gltf extension, rejecting both.
UnityEngine.StackTraceUtility:ExtractStackTrace ()
UnityEngine.DebugLogHandler:LogFormat (UnityEngine.LogType,UnityEngine.Object,string,object[])
UnityEngine.Logger:Log (UnityEngine.LogType,object)
UnityEngine.Debug:LogError (object)
UnityEditor.AssetImporters.ScriptedImporter:RegisterScriptedImporters ()

Native extension for WindowsStandalone target not found
Refreshing native plugins compatible for Editor in 2.31 ms, found 13 plugins.
Preloading 1 native plugins for Editor in 0.29 ms.
Invoked RoslynAnalysisRunner static constructor.
RoslynAnalysisRunner will not be running.
RoslynAnalysisRunner has terminated.
Mono: successfully reloaded assembly
- Completed reload, in  5.406 seconds
Platform modules already initialized, skipping
Switching build target platform(5) subTarget(0) extendedPlatform(0) -> platform(21) subTarget(0) extendedPlatform(0)
Refreshing native plugins compatible for Editor in 1.68 ms, found 13 plugins.
Preloading 1 native plugins for Editor in 0.17 ms.
Unloading 3436 Unused Serialized files (Serialized files now loaded: 0)
System memory in use before: 174.7 MB.
System memory in use after: 172.6 MB.

Unloading 2432 unused Assets to reduce memory usage. Loaded Objects now: 3580.
Total: 25.394800 ms (FindLiveObjects: 2.030900 ms CreateObjectMapping: 0.931600 ms MarkObjects: 5.415600 ms  DeleteObjects: 17.013400 ms)

========================================================================
Received Import Request.
  Time since last request: 329.420960 seconds.
  path: Assets/MRTK/StandardAssets/Shaders/Holo.shader
  artifactKey: Guid(a690e763bdc60204d8c7ee0dc1c09b68) Importer(815301076,1909f56bfc062723c751e8b465ee728b)
Start importing Assets/MRTK/StandardAssets/Shaders/Holo.shader using Guid(a690e763bdc60204d8c7ee0dc1c09b68) Importer(815301076,1909f56bfc062723c751e8b465ee728b)  -> (artifact id: 'd894b962e80d80c6e503215f883d4fbd') in 0.039547 seconds
  Import took 0.056949 seconds .

========================================================================
Received Import Request.
  Time since last request: 0.016833 seconds.
  path: Assets/MRTK/StandardAssets/Shaders/Holo.shader
  artifactKey: Guid(a690e763bdc60204d8c7ee0dc1c09b68) Importer(815301076,1909f56bfc062723c751e8b465ee728b)
Start importing Assets/MRTK/StandardAssets/Shaders/Holo.shader using Guid(a690e763bdc60204d8c7ee0dc1c09b68) Importer(815301076,1909f56bfc062723c751e8b465ee728b)  -> (artifact id: 'd894b962e80d80c6e503215f883d4fbd') in 0.005861 seconds
  Import took 0.018375 seconds .

========================================================================
Received Prepare
Registering precompiled user dll's ...
Registered in 0.008236 seconds.
Begin MonoManager ReloadAssembly
Scripted importers Microsoft.MixedReality.Toolkit.Utilities.Gltf.Serialization.Editor.GlbAssetImporter and Siccity.GLTFUtility.GLBImporter are targeting the glb extension, rejecting both.
UnityEngine.StackTraceUtility:ExtractStackTrace ()
UnityEngine.DebugLogHandler:LogFormat (UnityEngine.LogType,UnityEngine.Object,string,object[])
UnityEngine.Logger:Log (UnityEngine.LogType,object)
UnityEngine.Debug:LogError (object)
UnityEditor.AssetImporters.ScriptedImporter:RegisterScriptedImporters ()

Scripted importers Microsoft.MixedReality.Toolkit.Utilities.Gltf.Serialization.Editor.GltfAssetImporter and Siccity.GLTFUtility.GLTFImporter are targeting the gltf extension, rejecting both.
UnityEngine.StackTraceUtility:ExtractStackTrace ()
UnityEngine.DebugLogHandler:LogFormat (UnityEngine.LogType,UnityEngine.Object,string,object[])
UnityEngine.Logger:Log (UnityEngine.LogType,object)
UnityEngine.Debug:LogError (object)
UnityEditor.AssetImporters.ScriptedImporter:RegisterScriptedImporters ()

Native extension for WindowsStandalone target not found
Refreshing native plugins compatible for Editor in 1.87 ms, found 13 plugins.
Preloading 1 native plugins for Editor in 0.28 ms.
Invoked RoslynAnalysisRunner static constructor.
RoslynAnalysisRunner will not be running.
RoslynAnalysisRunner has terminated.
Mono: successfully reloaded assembly
- Completed reload, in  5.175 seconds
Platform modules already initialized, skipping
Switching build target platform(5) subTarget(0) extendedPlatform(0) -> platform(21) subTarget(0) extendedPlatform(0)
Refreshing native plugins compatible for Editor in 1.87 ms, found 13 plugins.
Preloading 1 native plugins for Editor in 0.28 ms.
Unloading 3436 Unused Serialized files (Serialized files now loaded: 0)
System memory in use before: 174.7 MB.
System memory in use after: 172.7 MB.

Unloading 2432 unused Assets to reduce memory usage. Loaded Objects now: 3584.
Total: 23.038300 ms (FindLiveObjects: 1.136700 ms CreateObjectMapping: 1.284900 ms MarkObjects: 5.173600 ms  DeleteObjects: 15.440500 ms)

========================================================================
Received Import Request.
  Time since last request: 133.430949 seconds.
  path: Assets/MRTK/Core/Inspectors/MixedRealityShaderGUI.cs
  artifactKey: Guid(5c455a0029df0144a8d8bd9b27f781eb) Importer(815301076,1909f56bfc062723c751e8b465ee728b)
Start importing Assets/MRTK/Core/Inspectors/MixedRealityShaderGUI.cs using Guid(5c455a0029df0144a8d8bd9b27f781eb) Importer(815301076,1909f56bfc062723c751e8b465ee728b)  -> (artifact id: '36a0f57def86edc0f176c4c1885dca47') in 0.033028 seconds
  Import took 0.043497 seconds .

========================================================================
Received Import Request.
  Time since last request: 37.850841 seconds.
  path: Assets/MRTK/StandardAssets/Shaders/AvatarHoloShader.shader
  artifactKey: Guid(d87b81d7d8f9aaf4e9f3a781f2ab22fa) Importer(815301076,1909f56bfc062723c751e8b465ee728b)
Start importing Assets/MRTK/StandardAssets/Shaders/AvatarHoloShader.shader using Guid(d87b81d7d8f9aaf4e9f3a781f2ab22fa) Importer(815301076,1909f56bfc062723c751e8b465ee728b)  -> (artifact id: 'e7376099d51384a522d3a63ad83b8804') in 0.045525 seconds
  Import took 0.055297 seconds .

========================================================================
Received Import Request.
  Time since last request: 0.001685 seconds.
  path: Assets/MRTK/StandardAssets/Shaders/AvatarHoloShader.shader
  artifactKey: Guid(d87b81d7d8f9aaf4e9f3a781f2ab22fa) Importer(815301076,1909f56bfc062723c751e8b465ee728b)
Start importing Assets/MRTK/StandardAssets/Shaders/AvatarHoloShader.shader using Guid(d87b81d7d8f9aaf4e9f3a781f2ab22fa) Importer(815301076,1909f56bfc062723c751e8b465ee728b)  -> (artifact id: 'e7376099d51384a522d3a63ad83b8804') in 0.006621 seconds
  Import took 0.029893 seconds .

========================================================================
Received Import Request.
  Time since last request: 10.657400 seconds.
  path: Assets/MRTK/StandardAssets/Shaders/AvatarHoloShader.shader
  artifactKey: Guid(d87b81d7d8f9aaf4e9f3a781f2ab22fa) Importer(815301076,1909f56bfc062723c751e8b465ee728b)
Start importing Assets/MRTK/StandardAssets/Shaders/AvatarHoloShader.shader using Guid(d87b81d7d8f9aaf4e9f3a781f2ab22fa) Importer(815301076,1909f56bfc062723c751e8b465ee728b)  -> (artifact id: 'c7354c6c59e589ba62c8b0a22c45e972') in 0.006567 seconds
  Import took 0.016783 seconds .

========================================================================
Received Import Request.
  Time since last request: 0.002721 seconds.
  path: Assets/MRTK/StandardAssets/Shaders/AvatarHoloShader.shader
  artifactKey: Guid(d87b81d7d8f9aaf4e9f3a781f2ab22fa) Importer(815301076,1909f56bfc062723c751e8b465ee728b)
Start importing Assets/MRTK/StandardAssets/Shaders/AvatarHoloShader.shader using Guid(d87b81d7d8f9aaf4e9f3a781f2ab22fa) Importer(815301076,1909f56bfc062723c751e8b465ee728b)  -> (artifact id: 'c7354c6c59e589ba62c8b0a22c45e972') in 0.006150 seconds
  Import took 0.012984 seconds .

========================================================================
Received Prepare
Registering precompiled user dll's ...
Registered in 0.016782 seconds.
Begin MonoManager ReloadAssembly
Scripted importers Microsoft.MixedReality.Toolkit.Utilities.Gltf.Serialization.Editor.GlbAssetImporter and Siccity.GLTFUtility.GLBImporter are targeting the glb extension, rejecting both.
UnityEngine.StackTraceUtility:ExtractStackTrace ()
UnityEngine.DebugLogHandler:LogFormat (UnityEngine.LogType,UnityEngine.Object,string,object[])
UnityEngine.Logger:Log (UnityEngine.LogType,object)
UnityEngine.Debug:LogError (object)
UnityEditor.AssetImporters.ScriptedImporter:RegisterScriptedImporters ()

Scripted importers Microsoft.MixedReality.Toolkit.Utilities.Gltf.Serialization.Editor.GltfAssetImporter and Siccity.GLTFUtility.GLTFImporter are targeting the gltf extension, rejecting both.
UnityEngine.StackTraceUtility:ExtractStackTrace ()
UnityEngine.DebugLogHandler:LogFormat (UnityEngine.LogType,UnityEngine.Object,string,object[])
UnityEngine.Logger:Log (UnityEngine.LogType,object)
UnityEngine.Debug:LogError (object)
UnityEditor.AssetImporters.ScriptedImporter:RegisterScriptedImporters ()

Native extension for WindowsStandalone target not found
Refreshing native plugins compatible for Editor in 1.99 ms, found 13 plugins.
Preloading 1 native plugins for Editor in 0.21 ms.
Invoked RoslynAnalysisRunner static constructor.
RoslynAnalysisRunner will not be running.
RoslynAnalysisRunner has terminated.
Mono: successfully reloaded assembly
- Completed reload, in  5.262 seconds
Platform modules already initialized, skipping
Switching build target platform(5) subTarget(0) extendedPlatform(0) -> platform(21) subTarget(0) extendedPlatform(0)
Refreshing native plugins compatible for Editor in 1.98 ms, found 13 plugins.
Preloading 1 native plugins for Editor in 0.22 ms.
Unloading 3436 Unused Serialized files (Serialized files now loaded: 0)
System memory in use before: 174.8 MB.
System memory in use after: 172.8 MB.

Unloading 2432 unused Assets to reduce memory usage. Loaded Objects now: 3588.
Total: 20.001700 ms (FindLiveObjects: 1.357400 ms CreateObjectMapping: 0.764300 ms MarkObjects: 4.226300 ms  DeleteObjects: 13.651500 ms)

========================================================================
Received Import Request.
  Time since last request: 132.577528 seconds.
  path: Assets/MRTK/StandardAssets/Shaders/AvatarHoloShader.shader
  artifactKey: Guid(d87b81d7d8f9aaf4e9f3a781f2ab22fa) Importer(815301076,1909f56bfc062723c751e8b465ee728b)
Start importing Assets/MRTK/StandardAssets/Shaders/AvatarHoloShader.shader using Guid(d87b81d7d8f9aaf4e9f3a781f2ab22fa) Importer(815301076,1909f56bfc062723c751e8b465ee728b)  -> (artifact id: 'e8030e78af67c792605cc2a875eaa456') in 0.052586 seconds
  Import took 0.066493 seconds .

========================================================================
Received Prepare
Registering precompiled user dll's ...
Registered in 0.016517 seconds.
Begin MonoManager ReloadAssembly
Scripted importers Microsoft.MixedReality.Toolkit.Utilities.Gltf.Serialization.Editor.GlbAssetImporter and Siccity.GLTFUtility.GLBImporter are targeting the glb extension, rejecting both.
UnityEngine.StackTraceUtility:ExtractStackTrace ()
UnityEngine.DebugLogHandler:LogFormat (UnityEngine.LogType,UnityEngine.Object,string,object[])
UnityEngine.Logger:Log (UnityEngine.LogType,object)
UnityEngine.Debug:LogError (object)
UnityEditor.AssetImporters.ScriptedImporter:RegisterScriptedImporters ()

Scripted importers Microsoft.MixedReality.Toolkit.Utilities.Gltf.Serialization.Editor.GltfAssetImporter and Siccity.GLTFUtility.GLTFImporter are targeting the gltf extension, rejecting both.
UnityEngine.StackTraceUtility:ExtractStackTrace ()
UnityEngine.DebugLogHandler:LogFormat (UnityEngine.LogType,UnityEngine.Object,string,object[])
UnityEngine.Logger:Log (UnityEngine.LogType,object)
UnityEngine.Debug:LogError (object)
UnityEditor.AssetImporters.ScriptedImporter:RegisterScriptedImporters ()

Native extension for WindowsStandalone target not found
Refreshing native plugins compatible for Editor in 1.98 ms, found 13 plugins.
Preloading 1 native plugins for Editor in 0.20 ms.
Invoked RoslynAnalysisRunner static constructor.
RoslynAnalysisRunner will not be running.
RoslynAnalysisRunner has terminated.
Mono: successfully reloaded assembly
- Completed reload, in  5.076 seconds
Platform modules already initialized, skipping
Switching build target platform(5) subTarget(0) extendedPlatform(0) -> platform(21) subTarget(0) extendedPlatform(0)
Refreshing native plugins compatible for Editor in 2.21 ms, found 13 plugins.
Preloading 1 native plugins for Editor in 0.22 ms.
Unloading 3436 Unused Serialized files (Serialized files now loaded: 0)
System memory in use before: 174.9 MB.
System memory in use after: 172.8 MB.

Unloading 2432 unused Assets to reduce memory usage. Loaded Objects now: 3592.
Total: 21.179600 ms (FindLiveObjects: 0.987500 ms CreateObjectMapping: 1.142500 ms MarkObjects: 5.045900 ms  DeleteObjects: 14.000000 ms)

========================================================================
Received Prepare
Registering precompiled user dll's ...
Registered in 0.055246 seconds.
Begin MonoManager ReloadAssembly
Scripted importers Microsoft.MixedReality.Toolkit.Utilities.Gltf.Serialization.Editor.GlbAssetImporter and Siccity.GLTFUtility.GLBImporter are targeting the glb extension, rejecting both.
UnityEngine.StackTraceUtility:ExtractStackTrace ()
UnityEngine.DebugLogHandler:LogFormat (UnityEngine.LogType,UnityEngine.Object,string,object[])
UnityEngine.Logger:Log (UnityEngine.LogType,object)
UnityEngine.Debug:LogError (object)
UnityEditor.AssetImporters.ScriptedImporter:RegisterScriptedImporters ()

Scripted importers Microsoft.MixedReality.Toolkit.Utilities.Gltf.Serialization.Editor.GltfAssetImporter and Siccity.GLTFUtility.GLTFImporter are targeting the gltf extension, rejecting both.
UnityEngine.StackTraceUtility:ExtractStackTrace ()
UnityEngine.DebugLogHandler:LogFormat (UnityEngine.LogType,UnityEngine.Object,string,object[])
UnityEngine.Logger:Log (UnityEngine.LogType,object)
UnityEngine.Debug:LogError (object)
UnityEditor.AssetImporters.ScriptedImporter:RegisterScriptedImporters ()

Native extension for WindowsStandalone target not found
Refreshing native plugins compatible for Editor in 3.55 ms, found 13 plugins.
Preloading 1 native plugins for Editor in 0.30 ms.
Invoked RoslynAnalysisRunner static constructor.
RoslynAnalysisRunner will not be running.
RoslynAnalysisRunner has terminated.
Mono: successfully reloaded assembly
- Completed reload, in  5.459 seconds
Platform modules already initialized, skipping
Switching build target platform(5) subTarget(0) extendedPlatform(0) -> platform(21) subTarget(0) extendedPlatform(0)
Refreshing native plugins compatible for Editor in 2.15 ms, found 13 plugins.
Preloading 1 native plugins for Editor in 0.12 ms.
Unloading 3436 Unused Serialized files (Serialized files now loaded: 0)
System memory in use before: 174.9 MB.
System memory in use after: 172.9 MB.

Unloading 2432 unused Assets to reduce memory usage. Loaded Objects now: 3596.
Total: 27.890600 ms (FindLiveObjects: 2.431600 ms CreateObjectMapping: 0.717600 ms MarkObjects: 5.649500 ms  DeleteObjects: 19.088100 ms)

========================================================================
Received Prepare
Registering precompiled user dll's ...
Registered in 0.023494 seconds.
Begin MonoManager ReloadAssembly
Scripted importers Microsoft.MixedReality.Toolkit.Utilities.Gltf.Serialization.Editor.GlbAssetImporter and Siccity.GLTFUtility.GLBImporter are targeting the glb extension, rejecting both.
UnityEngine.StackTraceUtility:ExtractStackTrace ()
UnityEngine.DebugLogHandler:LogFormat (UnityEngine.LogType,UnityEngine.Object,string,object[])
UnityEngine.Logger:Log (UnityEngine.LogType,object)
UnityEngine.Debug:LogError (object)
UnityEditor.AssetImporters.ScriptedImporter:RegisterScriptedImporters ()

Scripted importers Microsoft.MixedReality.Toolkit.Utilities.Gltf.Serialization.Editor.GltfAssetImporter and Siccity.GLTFUtility.GLTFImporter are targeting the gltf extension, rejecting both.
UnityEngine.StackTraceUtility:ExtractStackTrace ()
UnityEngine.DebugLogHandler:LogFormat (UnityEngine.LogType,UnityEngine.Object,string,object[])
UnityEngine.Logger:Log (UnityEngine.LogType,object)
UnityEngine.Debug:LogError (object)
UnityEditor.AssetImporters.ScriptedImporter:RegisterScriptedImporters ()

Native extension for WindowsStandalone target not found
Refreshing native plugins compatible for Editor in 6.52 ms, found 13 plugins.
Preloading 1 native plugins for Editor in 0.38 ms.
Invoked RoslynAnalysisRunner static constructor.
RoslynAnalysisRunner will not be running.
RoslynAnalysisRunner has terminated.
Mono: successfully reloaded assembly
- Completed reload, in  6.265 seconds
Platform modules already initialized, skipping
Switching build target platform(5) subTarget(0) extendedPlatform(0) -> platform(21) subTarget(0) extendedPlatform(0)
Refreshing native plugins compatible for Editor in 2.26 ms, found 13 plugins.
Preloading 1 native plugins for Editor in 0.29 ms.
Unloading 3436 Unused Serialized files (Serialized files now loaded: 0)
System memory in use before: 175.0 MB.
System memory in use after: 172.9 MB.

Unloading 2432 unused Assets to reduce memory usage. Loaded Objects now: 3600.
Total: 26.492000 ms (FindLiveObjects: 1.821300 ms CreateObjectMapping: 2.540400 ms MarkObjects: 6.203700 ms  DeleteObjects: 15.922200 ms)

========================================================================
Received Prepare
Registering precompiled user dll's ...
Registered in 0.019460 seconds.
Begin MonoManager ReloadAssembly
Scripted importers Microsoft.MixedReality.Toolkit.Utilities.Gltf.Serialization.Editor.GlbAssetImporter and Siccity.GLTFUtility.GLBImporter are targeting the glb extension, rejecting both.
UnityEngine.StackTraceUtility:ExtractStackTrace ()
UnityEngine.DebugLogHandler:LogFormat (UnityEngine.LogType,UnityEngine.Object,string,object[])
UnityEngine.Logger:Log (UnityEngine.LogType,object)
UnityEngine.Debug:LogError (object)
UnityEditor.AssetImporters.ScriptedImporter:RegisterScriptedImporters ()

Scripted importers Microsoft.MixedReality.Toolkit.Utilities.Gltf.Serialization.Editor.GltfAssetImporter and Siccity.GLTFUtility.GLTFImporter are targeting the gltf extension, rejecting both.
UnityEngine.StackTraceUtility:ExtractStackTrace ()
UnityEngine.DebugLogHandler:LogFormat (UnityEngine.LogType,UnityEngine.Object,string,object[])
UnityEngine.Logger:Log (UnityEngine.LogType,object)
UnityEngine.Debug:LogError (object)
UnityEditor.AssetImporters.ScriptedImporter:RegisterScriptedImporters ()

Native extension for WindowsStandalone target not found
Refreshing native plugins compatible for Editor in 3.25 ms, found 13 plugins.
Preloading 1 native plugins for Editor in 0.56 ms.
Invoked RoslynAnalysisRunner static constructor.
RoslynAnalysisRunner will not be running.
RoslynAnalysisRunner has terminated.
Mono: successfully reloaded assembly
- Completed reload, in  5.074 seconds
Platform modules already initialized, skipping
Switching build target platform(5) subTarget(0) extendedPlatform(0) -> platform(21) subTarget(0) extendedPlatform(0)
Refreshing native plugins compatible for Editor in 1.92 ms, found 13 plugins.
Preloading 1 native plugins for Editor in 0.19 ms.
Unloading 3436 Unused Serialized files (Serialized files now loaded: 0)
System memory in use before: 175.0 MB.
System memory in use after: 173.0 MB.

Unloading 2432 unused Assets to reduce memory usage. Loaded Objects now: 3604.
Total: 21.735600 ms (FindLiveObjects: 2.435000 ms CreateObjectMapping: 1.056500 ms MarkObjects: 5.481600 ms  DeleteObjects: 12.758400 ms)

========================================================================
Received Prepare
Registering precompiled user dll's ...
Registered in 0.021757 seconds.
Begin MonoManager ReloadAssembly
Scripted importers Microsoft.MixedReality.Toolkit.Utilities.Gltf.Serialization.Editor.GlbAssetImporter and Siccity.GLTFUtility.GLBImporter are targeting the glb extension, rejecting both.
UnityEngine.StackTraceUtility:ExtractStackTrace ()
UnityEngine.DebugLogHandler:LogFormat (UnityEngine.LogType,UnityEngine.Object,string,object[])
UnityEngine.Logger:Log (UnityEngine.LogType,object)
UnityEngine.Debug:LogError (object)
UnityEditor.AssetImporters.ScriptedImporter:RegisterScriptedImporters ()

Scripted importers Microsoft.MixedReality.Toolkit.Utilities.Gltf.Serialization.Editor.GltfAssetImporter and Siccity.GLTFUtility.GLTFImporter are targeting the gltf extension, rejecting both.
UnityEngine.StackTraceUtility:ExtractStackTrace ()
UnityEngine.DebugLogHandler:LogFormat (UnityEngine.LogType,UnityEngine.Object,string,object[])
UnityEngine.Logger:Log (UnityEngine.LogType,object)
UnityEngine.Debug:LogError (object)
UnityEditor.AssetImporters.ScriptedImporter:RegisterScriptedImporters ()

Native extension for WindowsStandalone target not found
Refreshing native plugins compatible for Editor in 3.41 ms, found 13 plugins.
Preloading 1 native plugins for Editor in 0.21 ms.
Invoked RoslynAnalysisRunner static constructor.
RoslynAnalysisRunner will not be running.
RoslynAnalysisRunner has terminated.
Mono: successfully reloaded assembly
- Completed reload, in  6.540 seconds
Platform modules already initialized, skipping
Switching build target platform(5) subTarget(0) extendedPlatform(0) -> platform(21) subTarget(0) extendedPlatform(0)
Refreshing native plugins compatible for Editor in 2.23 ms, found 13 plugins.
Preloading 1 native plugins for Editor in 0.19 ms.
Unloading 3436 Unused Serialized files (Serialized files now loaded: 0)
System memory in use before: 175.0 MB.
System memory in use after: 173.0 MB.

Unloading 2432 unused Assets to reduce memory usage. Loaded Objects now: 3608.
Total: 26.718100 ms (FindLiveObjects: 2.358500 ms CreateObjectMapping: 0.979200 ms MarkObjects: 7.318200 ms  DeleteObjects: 16.059300 ms)

========================================================================
Received Prepare
Registering precompiled user dll's ...
Registered in 0.025113 seconds.
Begin MonoManager ReloadAssembly
Scripted importers Microsoft.MixedReality.Toolkit.Utilities.Gltf.Serialization.Editor.GlbAssetImporter and Siccity.GLTFUtility.GLBImporter are targeting the glb extension, rejecting both.
UnityEngine.StackTraceUtility:ExtractStackTrace ()
UnityEngine.DebugLogHandler:LogFormat (UnityEngine.LogType,UnityEngine.Object,string,object[])
UnityEngine.Logger:Log (UnityEngine.LogType,object)
UnityEngine.Debug:LogError (object)
UnityEditor.AssetImporters.ScriptedImporter:RegisterScriptedImporters ()

Scripted importers Microsoft.MixedReality.Toolkit.Utilities.Gltf.Serialization.Editor.GltfAssetImporter and Siccity.GLTFUtility.GLTFImporter are targeting the gltf extension, rejecting both.
UnityEngine.StackTraceUtility:ExtractStackTrace ()
UnityEngine.DebugLogHandler:LogFormat (UnityEngine.LogType,UnityEngine.Object,string,object[])
UnityEngine.Logger:Log (UnityEngine.LogType,object)
UnityEngine.Debug:LogError (object)
UnityEditor.AssetImporters.ScriptedImporter:RegisterScriptedImporters ()

Native extension for WindowsStandalone target not found
Refreshing native plugins compatible for Editor in 4.04 ms, found 13 plugins.
Preloading 1 native plugins for Editor in 0.53 ms.
Invoked RoslynAnalysisRunner static constructor.
RoslynAnalysisRunner will not be running.
RoslynAnalysisRunner has terminated.
Mono: successfully reloaded assembly
- Completed reload, in  7.210 seconds
Platform modules already initialized, skipping
Switching build target platform(5) subTarget(0) extendedPlatform(0) -> platform(21) subTarget(0) extendedPlatform(0)
Refreshing native plugins compatible for Editor in 3.85 ms, found 13 plugins.
Preloading 1 native plugins for Editor in 0.25 ms.
Unloading 3436 Unused Serialized files (Serialized files now loaded: 0)
System memory in use before: 175.1 MB.
System memory in use after: 173.0 MB.

Unloading 2432 unused Assets to reduce memory usage. Loaded Objects now: 3612.
Total: 30.849600 ms (FindLiveObjects: 2.865800 ms CreateObjectMapping: 1.017200 ms MarkObjects: 7.506400 ms  DeleteObjects: 19.456900 ms)

========================================================================
Received Prepare
Registering precompiled user dll's ...
Registered in 0.015999 seconds.
Begin MonoManager ReloadAssembly
Scripted importers Microsoft.MixedReality.Toolkit.Utilities.Gltf.Serialization.Editor.GlbAssetImporter and Siccity.GLTFUtility.GLBImporter are targeting the glb extension, rejecting both.
UnityEngine.StackTraceUtility:ExtractStackTrace ()
UnityEngine.DebugLogHandler:LogFormat (UnityEngine.LogType,UnityEngine.Object,string,object[])
UnityEngine.Logger:Log (UnityEngine.LogType,object)
UnityEngine.Debug:LogError (object)
UnityEditor.AssetImporters.ScriptedImporter:RegisterScriptedImporters ()

Scripted importers Microsoft.MixedReality.Toolkit.Utilities.Gltf.Serialization.Editor.GltfAssetImporter and Siccity.GLTFUtility.GLTFImporter are targeting the gltf extension, rejecting both.
UnityEngine.StackTraceUtility:ExtractStackTrace ()
UnityEngine.DebugLogHandler:LogFormat (UnityEngine.LogType,UnityEngine.Object,string,object[])
UnityEngine.Logger:Log (UnityEngine.LogType,object)
UnityEngine.Debug:LogError (object)
UnityEditor.AssetImporters.ScriptedImporter:RegisterScriptedImporters ()

Native extension for WindowsStandalone target not found
Refreshing native plugins compatible for Editor in 1.51 ms, found 13 plugins.
Preloading 1 native plugins for Editor in 0.12 ms.
Invoked RoslynAnalysisRunner static constructor.
RoslynAnalysisRunner will not be running.
RoslynAnalysisRunner has terminated.
Mono: successfully reloaded assembly
- Completed reload, in  2.144 seconds
Platform modules already initialized, skipping
Switching build target platform(5) subTarget(0) extendedPlatform(0) -> platform(21) subTarget(0) extendedPlatform(0)
Refreshing native plugins compatible for Editor in 1.29 ms, found 13 plugins.
Preloading 1 native plugins for Editor in 0.12 ms.
Unloading 3436 Unused Serialized files (Serialized files now loaded: 0)
System memory in use before: 175.1 MB.
System memory in use after: 173.1 MB.

Unloading 2432 unused Assets to reduce memory usage. Loaded Objects now: 3616.
Total: 9.148800 ms (FindLiveObjects: 0.878400 ms CreateObjectMapping: 0.429500 ms MarkObjects: 2.575300 ms  DeleteObjects: 5.263700 ms)

========================================================================
Received Prepare
Registering precompiled user dll's ...
Registered in 0.028216 seconds.
Begin MonoManager ReloadAssembly
Scripted importers Microsoft.MixedReality.Toolkit.Utilities.Gltf.Serialization.Editor.GlbAssetImporter and Siccity.GLTFUtility.GLBImporter are targeting the glb extension, rejecting both.
UnityEngine.StackTraceUtility:ExtractStackTrace ()
UnityEngine.DebugLogHandler:LogFormat (UnityEngine.LogType,UnityEngine.Object,string,object[])
UnityEngine.Logger:Log (UnityEngine.LogType,object)
UnityEngine.Debug:LogError (object)
UnityEditor.AssetImporters.ScriptedImporter:RegisterScriptedImporters ()

Scripted importers Microsoft.MixedReality.Toolkit.Utilities.Gltf.Serialization.Editor.GltfAssetImporter and Siccity.GLTFUtility.GLTFImporter are targeting the gltf extension, rejecting both.
UnityEngine.StackTraceUtility:ExtractStackTrace ()
UnityEngine.DebugLogHandler:LogFormat (UnityEngine.LogType,UnityEngine.Object,string,object[])
UnityEngine.Logger:Log (UnityEngine.LogType,object)
UnityEngine.Debug:LogError (object)
UnityEditor.AssetImporters.ScriptedImporter:RegisterScriptedImporters ()

Native extension for WindowsStandalone target not found
Refreshing native plugins compatible for Editor in 4.41 ms, found 13 plugins.
Preloading 1 native plugins for Editor in 0.31 ms.
Invoked RoslynAnalysisRunner static constructor.
RoslynAnalysisRunner will not be running.
RoslynAnalysisRunner has terminated.
Mono: successfully reloaded assembly
- Completed reload, in  5.259 seconds
Platform modules already initialized, skipping
Switching build target platform(5) subTarget(0) extendedPlatform(0) -> platform(21) subTarget(0) extendedPlatform(0)
Refreshing native plugins compatible for Editor in 1.73 ms, found 13 plugins.
Preloading 1 native plugins for Editor in 0.22 ms.
Unloading 3436 Unused Serialized files (Serialized files now loaded: 0)
System memory in use before: 175.1 MB.
System memory in use after: 173.1 MB.

Unloading 2432 unused Assets to reduce memory usage. Loaded Objects now: 3620.
Total: 17.626800 ms (FindLiveObjects: 0.731000 ms CreateObjectMapping: 1.353200 ms MarkObjects: 4.408200 ms  DeleteObjects: 11.130200 ms)

========================================================================
Received Import Request.
  Time since last request: 4292.932699 seconds.
  path: Assets/MRTK/StandardAssets/Shaders/AvatarHoloShader.shader
  artifactKey: Guid(d87b81d7d8f9aaf4e9f3a781f2ab22fa) Importer(815301076,1909f56bfc062723c751e8b465ee728b)
Start importing Assets/MRTK/StandardAssets/Shaders/AvatarHoloShader.shader using Guid(d87b81d7d8f9aaf4e9f3a781f2ab22fa) Importer(815301076,1909f56bfc062723c751e8b465ee728b)  -> (artifact id: '65e8b20de450c9889a17a28d2a805367') in 0.056923 seconds
  Import took 0.068382 seconds .

========================================================================
Received Prepare
Registering precompiled user dll's ...
Registered in 0.021795 seconds.
Begin MonoManager ReloadAssembly
Scripted importers Microsoft.MixedReality.Toolkit.Utilities.Gltf.Serialization.Editor.GlbAssetImporter and Siccity.GLTFUtility.GLBImporter are targeting the glb extension, rejecting both.
UnityEngine.StackTraceUtility:ExtractStackTrace ()
UnityEngine.DebugLogHandler:LogFormat (UnityEngine.LogType,UnityEngine.Object,string,object[])
UnityEngine.Logger:Log (UnityEngine.LogType,object)
UnityEngine.Debug:LogError (object)
UnityEditor.AssetImporters.ScriptedImporter:RegisterScriptedImporters ()

Scripted importers Microsoft.MixedReality.Toolkit.Utilities.Gltf.Serialization.Editor.GltfAssetImporter and Siccity.GLTFUtility.GLTFImporter are targeting the gltf extension, rejecting both.
UnityEngine.StackTraceUtility:ExtractStackTrace ()
UnityEngine.DebugLogHandler:LogFormat (UnityEngine.LogType,UnityEngine.Object,string,object[])
UnityEngine.Logger:Log (UnityEngine.LogType,object)
UnityEngine.Debug:LogError (object)
UnityEditor.AssetImporters.ScriptedImporter:RegisterScriptedImporters ()

Native extension for WindowsStandalone target not found
Refreshing native plugins compatible for Editor in 3.42 ms, found 13 plugins.
Preloading 1 native plugins for Editor in 0.22 ms.
Invoked RoslynAnalysisRunner static constructor.
RoslynAnalysisRunner will not be running.
RoslynAnalysisRunner has terminated.
Mono: successfully reloaded assembly
- Completed reload, in  5.601 seconds
Platform modules already initialized, skipping
Switching build target platform(5) subTarget(0) extendedPlatform(0) -> platform(21) subTarget(0) extendedPlatform(0)
Refreshing native plugins compatible for Editor in 1.59 ms, found 13 plugins.
Preloading 1 native plugins for Editor in 0.20 ms.
Unloading 3436 Unused Serialized files (Serialized files now loaded: 0)
System memory in use before: 175.1 MB.
System memory in use after: 173.1 MB.

Unloading 2432 unused Assets to reduce memory usage. Loaded Objects now: 3624.
Total: 26.251100 ms (FindLiveObjects: 2.546300 ms CreateObjectMapping: 0.865400 ms MarkObjects: 5.251600 ms  DeleteObjects: 17.583200 ms)

========================================================================
Received Prepare
Registering precompiled user dll's ...
Registered in 0.018596 seconds.
Begin MonoManager ReloadAssembly
Scripted importers Microsoft.MixedReality.Toolkit.Utilities.Gltf.Serialization.Editor.GlbAssetImporter and Siccity.GLTFUtility.GLBImporter are targeting the glb extension, rejecting both.
UnityEngine.StackTraceUtility:ExtractStackTrace ()
UnityEngine.DebugLogHandler:LogFormat (UnityEngine.LogType,UnityEngine.Object,string,object[])
UnityEngine.Logger:Log (UnityEngine.LogType,object)
UnityEngine.Debug:LogError (object)
UnityEditor.AssetImporters.ScriptedImporter:RegisterScriptedImporters ()

Scripted importers Microsoft.MixedReality.Toolkit.Utilities.Gltf.Serialization.Editor.GltfAssetImporter and Siccity.GLTFUtility.GLTFImporter are targeting the gltf extension, rejecting both.
UnityEngine.StackTraceUtility:ExtractStackTrace ()
UnityEngine.DebugLogHandler:LogFormat (UnityEngine.LogType,UnityEngine.Object,string,object[])
UnityEngine.Logger:Log (UnityEngine.LogType,object)
UnityEngine.Debug:LogError (object)
UnityEditor.AssetImporters.ScriptedImporter:RegisterScriptedImporters ()

Native extension for WindowsStandalone target not found
Refreshing native plugins compatible for Editor in 2.40 ms, found 13 plugins.
Preloading 1 native plugins for Editor in 0.37 ms.
Invoked RoslynAnalysisRunner static constructor.
RoslynAnalysisRunner will not be running.
RoslynAnalysisRunner has terminated.
Mono: successfully reloaded assembly
- Completed reload, in  5.029 seconds
Platform modules already initialized, skipping
Switching build target platform(5) subTarget(0) extendedPlatform(0) -> platform(21) subTarget(0) extendedPlatform(0)
Refreshing native plugins compatible for Editor in 2.50 ms, found 13 plugins.
Preloading 1 native plugins for Editor in 0.26 ms.
Unloading 3436 Unused Serialized files (Serialized files now loaded: 0)
System memory in use before: 175.2 MB.
System memory in use after: 173.1 MB.

Unloading 2432 unused Assets to reduce memory usage. Loaded Objects now: 3628.
Total: 20.212200 ms (FindLiveObjects: 1.075900 ms CreateObjectMapping: 1.200000 ms MarkObjects: 3.804200 ms  DeleteObjects: 14.128900 ms)

AssetImportWorkerClient::OnTransportError - code=2 error=End of file
